<?xml version="1.0" encoding="UTF-8"?>
<testng-results ignored="0" total="1" passed="1" failed="0" skipped="0">
  <reporter-output>
  </reporter-output>
  <suite started-at="2019-09-11T14:26:31Z" name="Default suite" finished-at="2019-09-11T14:27:08Z" duration-ms="36937">
    <groups>
    </groups>
    <test started-at="2019-09-11T14:26:31Z" name="Default test" finished-at="2019-09-11T14:27:08Z" duration-ms="36937">
      <class name="com.atmecs.yatra.testscripts.testscritp">
        <test-method is-config="true" signature="invokeBrowser()[pri:0, instance:com.atmecs.yatra.testscripts.testscritp@1139b2f3]" started-at="2019-09-11T19:56:31Z" name="invokeBrowser" finished-at="2019-09-11T19:56:49Z" duration-ms="17832" status="PASS">
          <reporter-output>
          </reporter-output>
        </test-method> <!-- invokeBrowser -->
        <test-method signature="openTable([Ljava.lang.String;)[pri:0, instance:com.atmecs.yatra.testscripts.testscritp@1139b2f3]" started-at="2019-09-11T19:56:50Z" name="openTable" data-provider="destination" finished-at="2019-09-11T19:57:08Z" duration-ms="17915" status="PASS">
          <params>
            <param index="0">
              <value>
                <![CDATA[[Ljava.lang.String;@46baf579]]>
              </value>
            </param>
          </params>
          <reporter-output>
          </reporter-output>
        </test-method> <!-- openTable -->
      </class> <!-- com.atmecs.yatra.testscripts.testscritp -->
    </test> <!-- Default test -->
  </suite> <!-- Default suite -->
</testng-results>
