<?xml version="1.0" encoding="UTF-8"?>
<testng-results ignored="0" total="1" passed="1" failed="0" skipped="0">
  <reporter-output>
  </reporter-output>
  <suite started-at="2019-09-13T15:01:07Z" name="YATRAHOLIDATBOOKING" finished-at="2019-09-13T15:01:07Z" duration-ms="0">
    <groups>
    </groups>
  </suite> <!-- YATRAHOLIDATBOOKING -->
  <suite started-at="2019-09-13T15:00:32Z" name="Suite" finished-at="2019-09-13T15:01:04Z" duration-ms="31966">
    <groups>
    </groups>
    <test started-at="2019-09-13T15:00:32Z" name="Test" finished-at="2019-09-13T15:01:04Z" duration-ms="31966">
      <class name="com.atmecs.yatra.testscripts.TestScript">
        <test-method is-config="true" signature="invokeBrowser()[pri:0, instance:com.atmecs.yatra.testscripts.TestScript@3bbc39f8]" started-at="2019-09-13T15:00:32Z" name="invokeBrowser" finished-at="2019-09-13T15:00:48Z" duration-ms="15911" status="PASS">
          <reporter-output>
          </reporter-output>
        </test-method> <!-- invokeBrowser -->
        <test-method signature="HolidayPackage([Ljava.lang.String;)[pri:0, instance:com.atmecs.yatra.testscripts.TestScript@3bbc39f8]" started-at="2019-09-13T15:00:49Z" name="HolidayPackage" data-provider="destination" finished-at="2019-09-13T15:01:04Z" duration-ms="15031" status="PASS">
          <params>
            <param index="0">
              <value>
                <![CDATA[[Ljava.lang.String;@263558c9]]>
              </value>
            </param>
          </params>
          <reporter-output>
          </reporter-output>
        </test-method> <!-- HolidayPackage -->
      </class> <!-- com.atmecs.yatra.testscripts.TestScript -->
    </test> <!-- Test -->
  </suite> <!-- Suite -->
</testng-results>
