<?xml version="1.0" encoding="UTF-8"?>
<testng-results ignored="0" total="1" passed="1" failed="0" skipped="0">
  <reporter-output>
  </reporter-output>
  <suite started-at="2019-09-13T14:53:02Z" name="Default suite" finished-at="2019-09-13T14:53:42Z" duration-ms="39299">
    <groups>
    </groups>
    <test started-at="2019-09-13T14:53:02Z" name="Default test" finished-at="2019-09-13T14:53:42Z" duration-ms="39299">
      <class name="com.atmecs.yatra.testscripts.TestScript">
        <test-method is-config="true" signature="invokeBrowser()[pri:0, instance:com.atmecs.yatra.testscripts.TestScript@1139b2f3]" started-at="2019-09-13T20:23:02Z" name="invokeBrowser" finished-at="2019-09-13T20:23:22Z" duration-ms="20225" status="PASS">
          <reporter-output>
          </reporter-output>
        </test-method> <!-- invokeBrowser -->
        <test-method signature="HolidayPackage([Ljava.lang.String;)[pri:0, instance:com.atmecs.yatra.testscripts.TestScript@1139b2f3]" started-at="2019-09-13T20:23:24Z" name="HolidayPackage" data-provider="destination" finished-at="2019-09-13T20:23:42Z" duration-ms="17989" status="PASS">
          <params>
            <param index="0">
              <value>
                <![CDATA[[Ljava.lang.String;@29a23c3d]]>
              </value>
            </param>
          </params>
          <reporter-output>
          </reporter-output>
        </test-method> <!-- HolidayPackage -->
      </class> <!-- com.atmecs.yatra.testscripts.TestScript -->
    </test> <!-- Default test -->
  </suite> <!-- Default suite -->
</testng-results>
