<?xml version="1.0" encoding="UTF-8"?>
<testng-results ignored="0" total="1" passed="1" failed="0" skipped="0">
  <reporter-output>
  </reporter-output>
  <suite started-at="2019-09-09T14:12:40Z" name="Suite" finished-at="2019-09-09T14:12:54Z" duration-ms="14280">
    <groups>
    </groups>
    <test started-at="2019-09-09T14:12:40Z" name="Test" finished-at="2019-09-09T14:12:54Z" duration-ms="14280">
      <class name="com.atmecs.project.testscripts.testscritp">
        <test-method is-config="true" signature="invokeBrowser()[pri:0, instance:com.atmecs.project.testscripts.testscritp@33afa13b]" started-at="2019-09-09T14:12:40Z" name="invokeBrowser" finished-at="2019-09-09T14:12:53Z" duration-ms="13220" status="PASS">
          <reporter-output>
          </reporter-output>
        </test-method> <!-- invokeBrowser -->
        <test-method signature="openTable()[pri:0, instance:com.atmecs.project.testscripts.testscritp@33afa13b]" started-at="2019-09-09T14:12:53Z" name="openTable" finished-at="2019-09-09T14:12:54Z" duration-ms="1031" status="PASS">
          <reporter-output>
          </reporter-output>
        </test-method> <!-- openTable -->
      </class> <!-- com.atmecs.project.testscripts.testscritp -->
    </test> <!-- Test -->
  </suite> <!-- Suite -->
  <suite started-at="2019-09-09T14:12:55Z" name="TOOLSQAWEBPAGES" finished-at="2019-09-09T14:12:55Z" duration-ms="0">
    <groups>
    </groups>
  </suite> <!-- TOOLSQAWEBPAGES -->
</testng-results>
